2026-01-10 13:27:21,968 - INFO - --- Testing: User Registration ---
2026-01-10 13:27:21,995 - INFO - HTTP Request: POST http://localhost:8080/api/auth/register/medecin "HTTP/1.1 503 Service Unavailable"
2026-01-10 13:27:22,012 - INFO - HTTP Request: POST http://localhost:8080/api/auth/register/patient "HTTP/1.1 503 Service Unavailable"
python : --- Logging error 
---
At line:1 char:1
+ python 
scripts/test_backend_api.py 
2>&1 | out-file -encoding 
ascii te ...
+ ~~~~~~~~~~~~~~~~~~~~~~~~~~
~~~~~~~~~~~~~
    + CategoryInfo          
    : NotSpecified: (--- L  
  ogging error ---:String   
 ) [], RemoteException
    + FullyQualifiedErrorId 
    : NativeCommandError
 
Traceback (most recent call 
last):
  File "C:\Python314\Lib\log
ging\__init__.py", line 
1154, in emit
    stream.write(msg + 
self.terminator)
    ~~~~~~~~~~~~^^^^^^^^^^^^
^^^^^^^^^^^
  File "C:\Python314\Lib\enc
odings\cp1252.py", line 19, 
in encode
    return codecs.charmap_en
code(input,self.errors,encod
ing_table)[0]
           ~~~~~~~~~~~~~~~~~
~~~~^^^^^^^^^^^^^^^^^^^^^^^^
^^^^^^^^^^
UnicodeEncodeError: 
'charmap' codec can't 
encode character '\u274c' 
in position 34: character 
maps to <undefined>
Call stack:
  File "C:\Users\Karim\Medin
sightv2\scripts\test_backend
_api.py", line 238, in 
<module>
    asyncio.run(MedInsightV2
Tester().run())
  File "C:\Python314\Lib\asy
ncio\runners.py", line 204, 
in run
    return runner.run(main)
  File "C:\Python314\Lib\asy
ncio\runners.py", line 127, 
in run
    return self._loop.run_un
til_complete(task)
  File "C:\Python314\Lib\asy
ncio\base_events.py", line 
706, in run_until_complete
    self.run_forever()
  File "C:\Python314\Lib\asy
ncio\base_events.py", line 
677, in run_forever
    self._run_once()
  File "C:\Python314\Lib\asy
ncio\base_events.py", line 
2046, in _run_once
    handle._run()
  File "C:\Python314\Lib\asy
ncio\events.py", line 94, 
in _run
    self._context.run(self._
callback, *self._args)
  File "C:\Users\Karim\Medin
sightv2\scripts\test_backend
_api.py", line 223, in run
    success = await 
self.test_step(name, func, 
client)
  File "C:\Users\Karim\Medin
sightv2\scripts\test_backend
_api.py", line 50, in 
test_step
    logger.error(f"\u274c 
{name}: FAILED")
Message: '\u274c User 
Registration: FAILED'
Arguments: ()
2026-01-10 13:27:22,016 - WARNING - Aborting sequence after failure in User Registration
2026-01-10 13:27:22,016 - INFO - 
==============================
2026-01-10 13:27:22,017 - INFO -  FINAL TEST SUMMARY 
2026-01-10 13:27:22,017 - INFO - ==============================
2026-01-10 13:27:22,017 - INFO - User Registration............. FAIL
2026-01-10 13:27:22,017 - INFO - ==============================
